<?xml version="1.0" encoding="UTF-8"?>
<!-- Generated by org.testng.reporters.JUnitXMLReporter -->
<testsuite hostname="PC-20180201HBWK" name="Test" tests="3" failures="1" timestamp="18 Mar 2019 16:00:14 GMT" time="0.027" errors="0">
  <testcase name="testdata" time="0.008" classname="Se_2019.test_ng_dataprovier"/>
  <testcase name="testdata" time="0.002" classname="Se_2019.test_ng_dataprovier">
    <failure type="java.lang.AssertionError" message="name1=name2 expected [t03] but found [t02]">
      <![CDATA[java.lang.AssertionError: name1=name2 expected [t03] but found [t02]
	at Se_2019.test_ng_dataprovier.testdata(test_ng_dataprovier.java:21)
... Removed 28 stack frames]]>
    </failure>
  </testcase> <!-- testdata -->
  <testcase name="testdata" time="0.001" classname="Se_2019.test_ng_dataprovier"/>
</testsuite> <!-- Test -->
